{"/Users/germana/workspace/speech-to-text-nodejs/app.js":{"path":"/Users/germana/workspace/speech-to-text-nodejs/app.js","s":{"1":1,"2":1,"3":1,"4":1,"5":1,"6":1,"7":1,"8":2,"9":1,"10":1,"11":1,"12":0,"13":1,"14":1},"b":{"1":[0,1]},"f":{"1":2,"2":1,"3":1},"fnMap":{"1":{"name":"(anonymous_1)","line":33,"loc":{"start":{"line":33,"column":13},"end":{"line":33,"column":32}}},"2":{"name":"(anonymous_2)","line":38,"loc":{"start":{"line":38,"column":22},"end":{"line":38,"column":47}}},"3":{"name":"(anonymous_3)","line":39,"loc":{"start":{"line":39,"column":23},"end":{"line":39,"column":44}}}},"statementMap":{"1":{"start":{"line":17,"column":0},"end":{"line":17,"column":35}},"2":{"start":{"line":18,"column":0},"end":{"line":18,"column":22}},"3":{"start":{"line":19,"column":0},"end":{"line":19,"column":49}},"4":{"start":{"line":22,"column":0},"end":{"line":22,"column":33}},"5":{"start":{"line":24,"column":0},"end":{"line":29,"column":3}},"6":{"start":{"line":31,"column":0},"end":{"line":31,"column":69}},"7":{"start":{"line":33,"column":0},"end":{"line":35,"column":3}},"8":{"start":{"line":34,"column":2},"end":{"line":34,"column":22}},"9":{"start":{"line":38,"column":0},"end":{"line":46,"column":3}},"10":{"start":{"line":39,"column":2},"end":{"line":45,"column":5}},"11":{"start":{"line":40,"column":4},"end":{"line":44,"column":5}},"12":{"start":{"line":41,"column":6},"end":{"line":41,"column":16}},"13":{"start":{"line":43,"column":6},"end":{"line":43,"column":22}},"14":{"start":{"line":48,"column":0},"end":{"line":48,"column":21}}},"branchMap":{"1":{"line":40,"type":"if","locations":[{"start":{"line":40,"column":4},"end":{"line":40,"column":4}},{"start":{"line":40,"column":4},"end":{"line":40,"column":4}}]}}},"/Users/germana/workspace/speech-to-text-nodejs/config/express.js":{"path":"/Users/germana/workspace/speech-to-text-nodejs/config/express.js","s":{"1":1,"2":1,"3":1,"4":1,"5":1,"6":1,"7":1,"8":1,"9":0,"10":1,"11":1,"12":1,"13":1,"14":0,"15":1,"16":1,"17":1},"b":{"1":[0,1],"2":[0,1]},"f":{"1":1},"fnMap":{"1":{"name":"(anonymous_1)","line":25,"loc":{"start":{"line":25,"column":17},"end":{"line":25,"column":31}}}},"statementMap":{"1":{"start":{"line":20,"column":0},"end":{"line":20,"column":35}},"2":{"start":{"line":21,"column":0},"end":{"line":21,"column":56}},"3":{"start":{"line":22,"column":0},"end":{"line":22,"column":29}},"4":{"start":{"line":25,"column":0},"end":{"line":58,"column":2}},"5":{"start":{"line":26,"column":2},"end":{"line":26,"column":28}},"6":{"start":{"line":27,"column":2},"end":{"line":27,"column":32}},"7":{"start":{"line":28,"column":2},"end":{"line":28,"column":67}},"8":{"start":{"line":32,"column":2},"end":{"line":34,"column":3}},"9":{"start":{"line":33,"column":4},"end":{"line":33,"column":31}},"10":{"start":{"line":37,"column":2},"end":{"line":39,"column":6}},"11":{"start":{"line":43,"column":2},"end":{"line":43,"column":51}},"12":{"start":{"line":44,"column":2},"end":{"line":49,"column":5}},"13":{"start":{"line":50,"column":2},"end":{"line":52,"column":3}},"14":{"start":{"line":51,"column":4},"end":{"line":51,"column":70}},"15":{"start":{"line":53,"column":2},"end":{"line":53,"column":47}},"16":{"start":{"line":56,"column":2},"end":{"line":56,"column":64}},"17":{"start":{"line":57,"column":2},"end":{"line":57,"column":100}}},"branchMap":{"1":{"line":32,"type":"if","locations":[{"start":{"line":32,"column":2},"end":{"line":32,"column":2}},{"start":{"line":32,"column":2},"end":{"line":32,"column":2}}]},"2":{"line":50,"type":"if","locations":[{"start":{"line":50,"column":2},"end":{"line":50,"column":2}},{"start":{"line":50,"column":2},"end":{"line":50,"column":2}}]}}}}