TN:
SF:/Users/germana/workspace/speech-to-text-nodejs/app.js
FN:33,(anonymous_1)
FN:38,(anonymous_2)
FN:39,(anonymous_3)
FNF:3
FNH:3
FNDA:2,(anonymous_1)
FNDA:1,(anonymous_2)
FNDA:1,(anonymous_3)
DA:17,1
DA:18,1
DA:19,1
DA:22,1
DA:24,1
DA:31,1
DA:33,1
DA:34,2
DA:38,1
DA:39,1
DA:40,1
DA:41,0
DA:43,1
DA:48,1
LF:14
LH:13
BRDA:40,1,0,0
BRDA:40,1,1,1
BRF:2
BRH:1
end_of_record
TN:
SF:/Users/germana/workspace/speech-to-text-nodejs/config/express.js
FN:25,(anonymous_1)
FNF:1
FNH:1
FNDA:1,(anonymous_1)
DA:20,1
DA:21,1
DA:22,1
DA:25,1
DA:26,1
DA:27,1
DA:28,1
DA:32,1
DA:33,0
DA:37,1
DA:43,1
DA:44,1
DA:50,1
DA:51,0
DA:53,1
DA:56,1
DA:57,1
LF:17
LH:15
BRDA:32,1,0,0
BRDA:32,1,1,1
BRDA:50,2,0,0
BRDA:50,2,1,1
BRF:4
BRH:2
end_of_record
